<?xml version="1.0" encoding="UTF-8"?>
<!-- Generated by org.testng.reporters.JUnitReportReporter -->
<testsuite hostname="DESKTOP-P0VHSGT" name="automation.firsttest" tests="1" failures="0" timestamp="9 Jul 2018 18:34:22 GMT" time="59.667" errors="0">
  <testcase name="main" time="59.667" classname="automation.firsttest"/>
</testsuite> <!-- automation.firsttest -->
