<?xml version="1.0" encoding="UTF-8"?>
<!-- Generated by org.testng.reporters.JUnitReportReporter -->
<testsuite hostname="DESKTOP-P0VHSGT" name="automation.Pageload" tests="1" failures="0" timestamp="10 Jul 2018 10:07:52 GMT" time="93.093" errors="0">
  <testcase name="main" time="93.093" classname="automation.Pageload"/>
</testsuite> <!-- automation.Pageload -->
